<?xml version="1.0" encoding="UTF-8"?>
<!-- Generated by org.testng.reporters.JUnitXMLReporter -->
<testsuite hostname="Arshan" failures="0" tests="4" name="negative testing against password field" time="17.469" errors="0" timestamp="13 Oct 2022 03:37:23 GMT">
  <testcase classname="testScripts.accountCreation" name="testFive" time="0.001"/>
  <testcase classname="testScripts.accountCreation" name="testTwo" time="0.0"/>
  <testcase classname="testScripts.accountCreation" name="testFour" time="0.004"/>
  <testcase classname="testScripts.accountCreation" name="testOne" time="0.0"/>
</testsuite> <!-- negative testing against password field -->
