<?xml version="1.0" encoding="UTF-8"?>
<!-- Generated by org.testng.reporters.JUnitXMLReporter -->
<testsuite hostname="Arshan" failures="0" tests="4" name="Release version" time="17.739" errors="0" timestamp="13 Oct 2022 01:31:10 GMT">
  <testcase classname="testScripts.accountCreation" name="testFive" time="0.003"/>
  <testcase classname="testScripts.accountCreation" name="testTwo" time="0.002"/>
  <testcase classname="testScripts.accountCreation" name="testFour" time="0.005"/>
  <testcase classname="testScripts.accountCreation" name="testOne" time="0.0"/>
</testsuite> <!-- Release version -->
